<?xml version="1.0" encoding="UTF-8"?>
<!-- Generated by org.testng.reporters.JUnitXMLReporter -->
<testsuite ignored="1" hostname="EpiliSuman3" failures="0" tests="1" name="Default test" time="206.765" errors="0" timestamp="2026-02-18T11:13:54 IST">
  <testcase classname="com.crm.comcast.orgtest.CreateOrgTest" name="createOrgTest" time="41.448"/>
  <testcase classname="com.crm.comcast.orgtest.CreateOrgTest" name="createOrgWithIndustry" time="0.0">
    <ignored/>
  </testcase> <!-- createOrgWithIndustry -->
</testsuite> <!-- Default test -->
