<?xml version="1.0" encoding="UTF-8"?>
<!-- Generated by org.testng.reporters.JUnitXMLReporter -->
<testsuite ignored="0" hostname="EpiliSuman3" failures="1" tests="2" name="Test" time="145.089" errors="0" timestamp="2026-02-17T16:13:10 IST">
  <testcase classname="practice.test.InvoiceTest" name="activateSim" time="0.032"/>
  <testcase classname="practice.test.InvoiceTest" name="invoice" time="0.014">
    <failure type="java.lang.AssertionError" message="expected [a] but found [ ]">
      <![CDATA[java.lang.AssertionError: expected [a] but found [ ]
at practice.test.InvoiceTest.invoice(InvoiceTest.java:17)
at java.base/java.util.ArrayList.forEach(ArrayList.java:1597)
... Removed 31 stack frames]]>
    </failure>
  </testcase> <!-- invoice -->
</testsuite> <!-- Test -->
