<?xml version="1.0" encoding="UTF-8"?>
<!-- Generated by org.testng.reporters.JUnitXMLReporter -->
<testsuite ignored="0" hostname="EpiliSuman3" failures="0" tests="2" name="Test-2" time="2.402" errors="0" timestamp="2026-02-14T12:22:21 IST">
  <testcase classname="com.crm.comcast.orgtest.CreateOrgTest" name="createOrgTest" time="0.0">
    <skipped/>
  </testcase> <!-- createOrgTest -->
  <testcase classname="com.crm.comcast.orgtest.CreateOrgTest" name="createOrgWithIndustry" time="0.0">
    <skipped/>
  </testcase> <!-- createOrgWithIndustry -->
</testsuite> <!-- Test-2 -->
