<?xml version="1.0" encoding="UTF-8"?>
<!-- Generated by org.testng.reporters.JUnitReportReporter -->
<testsuite hostname="EpiliSuman3" failures="0" tests="3" name="practice.test.GetProductInfoTest" time="23.130" errors="0" timestamp="2026-02-12T15:41:35 IST" skipped="0">
  <testcase classname="practice.test.GetProductInfoTest" name="getProductInfoTest" time="7.908"/>
  <testcase classname="practice.test.GetProductInfoTest" name="getProductInfoTest" time="7.832"/>
  <testcase classname="practice.test.GetProductInfoTest" name="getProductInfoTest" time="7.390"/>
</testsuite> <!-- practice.test.GetProductInfoTest -->
