<?xml version="1.0" encoding="UTF-8"?>
<!-- Generated by org.testng.reporters.JUnitReportReporter -->
<testsuite hostname="EpiliSuman3" failures="0" tests="2" name="com.crm.comcast.contacttest.CreateContactTest" time="149.787" errors="0" timestamp="2026-02-17T15:49:02 IST" skipped="0">
  <testcase classname="com.crm.comcast.contacttest.CreateContactTest" name="createContactTest" time="8.919"/>
  <testcase classname="com.crm.comcast.contacttest.CreateContactTest" name="createContactWithDateTest" time="140.868"/>
</testsuite> <!-- com.crm.comcast.contacttest.CreateContactTest -->
